10 0.0707107
0.0146393 0.0355757
0.0136423 0.0526611
0.0429254 0.0173244
0.0278766 0.0175743
0.0423143 0.0352009
0.0564653 0.0181132
0.0569149 0.0352745
0.0143274 0.0177022
0.0282277 0.0534111
0.0278117 0.0353898

0.0152226 0.0383706
0.00864339 0.0489424
0.0479159 0.013792
0.0248996 0.0164031
0.0411934 0.0336565
0.055433 0.0224686
0.060378 0.0344665
0.0150799 0.0180847
0.0276623 0.0571923
0.0274741 0.0351422

0.0120634 0.0410157
0.0026495 0.0460523
0.0529063 0.0102595
0.0264888 0.0146247
0.0405484 0.0320066
0.0544007 0.026824
0.0638411 0.0336584
0.0112663 0.0190744
0.0270968 0.0609735
0.0313982 0.0343213

0.0127985 0.0412414
0.00353277 0.0455816
0.0578967 0.0067271
0.028078 0.0128462
0.0443144 0.0292445
0.0535793 0.0312008
0.0673042 0.0328504
0.0074527 0.0200641
0.0265313 0.0647546
0.0307003 0.0345913

0.0203669 0.0385118
0.00288176 0.0480661
0.0628871 0.00319466
0.0296672 0.0110678
0.0446601 0.0258659
0.056193 0.03619
0.0706541 0.0320423
0.00363909 0.0210538
0.0259658 0.0685358
0.0299876 0.0348653

0.0216195 0.0381993
0.00223074 0.0505506
0.0678775 0.000337781
0.0312564 0.00928937
0.0449561 0.0224727
0.0588564 0.0411938
0.067191 0.0312343
0.000174514 0.0220435
0.0254004 0.0691044
0.0355908 0.0327223

0.0210283 0.0385936
0.00157972 0.0530352
0.0685535 0.00387022
0.0328456 0.00751094
0.0452521 0.0190795
0.0615198 0.0461977
0.0637278 0.0304262
0.00398812 0.0230333
0.0248349 0.0653232
0.0430377 0.0298725

0.0204371 0.0389879
0.000928703 0.0555197
0.0635631 0.00740266
0.0344348 0.00573251
0.0455481 0.0156863
0.0641832 0.0512015
0.0602647 0.0296181
0.00780173 0.024023
0.0242694 0.061542
0.0504846 0.0270226

0.019846 0.0393821
0.000277685 0.0580042
0.0585727 0.0109351
0.036024 0.00395407
0.0458441 0.0122931
0.0668466 0.0562053
0.0691114 0.0341724
0.0116153 0.0250127
0.023704 0.0577608
0.0579315 0.0241728

0.0192548 0.0397764
0.000373333 0.0604888
0.0541417 0.014719
0.0376131 0.00217564
0.0461401 0.00889996
0.06951 0.0612092
0.059047 0.0408437
0.0154289 0.0260024
0.0231385 0.0539797
0.0653784 0.0213229

0.0186637 0.0401707
0.00102435 0.0629733
0.05208 0.0197309
0.0392023 0.000397209
0.0464361 0.00550677
0.0692479 0.066213
0.0457839 0.047515
0.0192426 0.0269921
0.022573 0.0501985
0.068596 0.0184731

0.0171161 0.0385173
0.00167537 0.0654579
0.0500182 0.0247428
0.0407915 0.00138122
0.046732 0.00211357
0.0665845 0.0702045
0.0325209 0.0541863
0.0230562 0.0279819
0.0229639 0.0484651
0.0611491 0.0156232

0.0149104 0.0354732
0.00232639 0.0679424
0.0479564 0.0297547
0.0423807 0.00315965
0.047028 0.00127962
0.0639211 0.0652007
0.0192578 0.0608576
0.0268698 0.0289716
0.0228652 0.0463634
0.0537022 0.0127734

0.0127048 0.0324291
0.00172753 0.0694856
0.0458947 0.0347666
0.0412674 0.00144749
0.0457491 0.00109854
0.0612577 0.0601968
0.00599479 0.0675289
0.0306834 0.0299613
0.0222674 0.0434277
0.0462553 0.00992355

0.00269491 0.0249154
0.0218493 0.00494231
0.0438329 0.0397785
0.0301425 0.00914701
0.04232 0.00769977
0.0585943 0.055193
0.00726825 0.0672211
0.034497 0.030951
0.0231725 0.0418951
0.0382993 0.0173097

0.0601049 0.0220943
0.0663947 0.0644868
0.0417712 0.0447904
0.0366206 0.0366071
0.00155863 0.0108715
0.0559308 0.0501892
0.0205313 0.0605498
0.0393938 0.0357186
0.0304807 0.0475373
0.0234465 0.0360101

0.00291298 0.0302195
0.0192009 0.0152935
0.0445822 0.0600952
0.00835892 0.056468
0.0369988 0.0642122
0.0532674 0.0451853
0.0309794 0.0541489
0.0600518 0.037876
0.0399522 0.0639665
0.00631638 0.0687362

0.0698308 0.0445101
0.0450412 0.0493332
0.0502541 0.0583217
0.00211514 0.0660401
0.0296141 0.0336458
0.0448621 0.0540111
0.0433338 0.0596366
0.0350109 0.01553
0.0361613 0.0639598
0.0689454 0.0157898

0.0418934 0.0472282
0.0141597 0.041949
0.0697815 0.0411194
0.0508115 0.014075
0.00320042 0.0323405
0.0401809 0.0249609
0.0458141 0.00682941
0.0457222 0.0501471
0.0111711 0.046968
0.0692645 0.0664644

0.0524863 0.0379955
0.0606891 0.0384338
0.0498625 0.000596645
0.0571044 0.00780277
0.043271 0.0633502
0.0467788 0.0456733
0.0408635 0.0112968
0.0282481 0.00997577
0.0586667 0.0418015
0.0701364 0.0690791

0.0485019 0.0525575
0.054303 0.0353169
0.0332113 0.0375407
0.0351642 0.0549704
0.0322244 0.0616154
0.0153853 0.0550096
0.0103953 0.0489611
0.0234218 0.0256442
0.0650734 0.017948
0.0425537 0.0674897

0.0683727 0.00665244
0.00393966 0.0262381
0.0343373 0.0664102
0.0531062 0.0510966
0.0436901 0.0444438
0.0679878 0.0564822
0.0292684 0.0611286
0.0545484 0.0314936
0.0450193 0.000703178
0.00969562 0.0640971

0.0115767 0.00323307
0.0313581 0.0596082
0.0367157 0.0524369
0.0510768 0.0591085
0.0454762 0.0398271
0.0493046 0.0304948
0.0221254 0.00256105
0.0159011 0.0297964
0.0269734 0.0578551
0.00544001 0.0703416

0.0393279 0.0396653
0.0158735 0.00402704
0.00419744 0.0418602
0.0449318 0.0323058
0.0690579 0.0125658
0.037111 0.0341331
0.0406233 0.0304479
0.0543044 0.0282304
0.00894944 0.0460369
0.0438477 0.0338608

0.0405853 0.0315439
0.0222925 0.00276731
0.0338744 0.0573835
0.0503666 0.0150014
0.0630222 0.0549894
0.0201909 0.0571254
0.0675771 0.0165302
0.0260874 0.0167963
0.0671304 0.00432248
0.0538672 0.00237829

0.0511014 0.000253674
0.0253589 0.000671087
0.0635515 0.0685145
0.0442512 0.0334516
0.0704217 0.0456308
0.00184541 0.0704183
0.0479475 0.0501295
0.0691932 0.0138898
0.036727 0.0422558
0.041848 0.0485206

0.0455348 0.06377
0.0627222 0.013886
0.0481929 0.0529912
0.0380086 0.060241
0.070123 0.0237564
0.0404267 0.0293571
0.0376252 0.0309451
0.00545101 0.0166103
0.0386626 0.00223589
0.00983922 0.0446421

0.0412014 0.0170332
0.0277398 0.0406581
0.0256194 0.0512342
0.0313147 0.0491257
0.070511 0.0632885
0.0706788 0.0635941
0.0385942 0.0339909
0.0598165 0.0123567
0.0440071 0.0438276
0.0352751 0.0374666

0.0447879 0.0458052
0.0321563 0.0355037
0.00856776 0.0701834
0.0703246 0.0292528
0.048767 0.0687654
0.044498 0.00363379
0.0485376 0.0499937
0.0193247 0.0192196
0.0704585 0.00667246
0.0320515 0.0418036

0.00243677 0.0694084
0.0414462 0.0426082
0.0427549 0.0522888
0.0631266 0.0106497
0.0187923 0.0255814
0.0182535 0.0705597
0.0178816 0.000970067
0.0385206 0.0436625
0.00321816 0.036268
0.0639569 0.0104042

0.000733596 0.0326272
0.0577821 0.0518818
0.0520628 0.0695413
0.0402515 0.0704222
0.0376693 0.00182508
0.0194911 0.0344655
0.0554218 0.00877774
0.0398862 0.059152
0.060335 0.0184452
0.00689133 0.0272404

0.0241513 0.0496505
0.0208184 0.007593
0.00713049 0.0304313
0.0146859 0.00662914
0.0594328 0.0277398
0.0636918 0.0461737
0.0204977 0.00143452
0.00951366 0.00594502
0.0218258 0.0511736
0.00524681 0.0458174

0.0303701 0.00942885
0.0373351 0.0663675
0.0231466 0.0117648
0.00463492 0.0181476
0.0627781 0.0060681
0.0429564 0.0141737
0.0156587 0.0482703
0.00367773 0.00534013
0.0383877 0.0434027
0.0218442 0.0519523

0.0343045 0.0499144
0.0360561 0.0215866
0.0196755 0.0454347
0.0500563 0.0468552
0.0643162 0.0623717
0.0122958 0.0592182
0.0694533 0.0215095
0.0136807 0.00547684
0.0595142 0.012481
0.0131099 0.0117052

0.0473984 0.0104771
0.0401558 0.0661958
0.0645634 0.0602693
0.0433729 0.0454453
0.000517584 0.0651424
0.0250158 0.0579616
0.00163737 0.0649463
0.0587341 0.0351466
0.00399475 0.0334094
0.0132217 0.0612496

0.0179724 0.0605024
0.00254107 0.0321571
0.0195531 0.0330061
0.0231279 0.00191865
0.0447277 0.0528021
0.0322375 0.0148032
0.00473678 0.029237
0.0181638 0.069911
0.0029841 0.0151128
0.0273546 0.0589648

0.0139723 0.0625261
0.0438182 0.0398246
0.05821 0.0281936
0.0219589 0.00882279
0.0112361 0.055141
0.0571775 0.0146364
0.0482973 0.00397943
0.0474946 0.0309374
0.0393515 0.0149792
0.0341799 0.057594

0.052781 0.0555375
0.0377169 0.0441519
0.021716 0.0157537
0.0401965 0.0351035
0.0361945 0.0295713
0.0368326 0.00743997
0.0173081 0.0378593
0.0282046 0.0689198
0.00750843 0.0502076
0.0360567 0.0120798

0.0682032 0.0338345
0.0234867 0.062819
0.0391735 0.0594508
0.0700956 0.0447744
0.0688983 0.0217943
0.0437791 0.0495372
0.0150171 0.0386195
0.0530119 0.00171376
0.0278964 0.057812
0.0357638 0.0554005

0.023404 0.0106494
0.0548346 0.0527749
0.0375005 0.0374081
0.0567123 0.0686598
0.0604658 0.0481782
0.0157571 0.0246023
0.0541734 0.0470782
0.0515971 0.0504904
0.0583149 0.00555059
0.0172289 0.0136718

0.0244583 0.000425068
0.00280272 0.0594289
0.0235566 0.00607596
0.039541 0.021997
0.056008 0.0174216
0.062258 0.0474542
0.0680897 0.0449911
0.0119056 0.0349884
0.0240101 0.0473283
0.0410788 0.065471

0.00512904 0.00469037
0.0242758 0.0281654
0.0599901 0.0580018
0.0132987 0.0316638
0.0249017 0.0468328
0.0014118 0.0309258
0.0292198 0.0567245
0.000633541 0.00854815
0.0624347 0.0691733
0.00505689 0.0700988

0.0440114 0.0652817
0.0175124 0.0628562
0.0507592 0.0144327
0.00497955 0.0646553
0.00537069 0.0411437
0.0603909 0.0343507
0.0238245 0.0367839
0.00575788 0.0134168
0.00186288 0.0401195
0.0110483 0.0685294

0.0325412 0.0696057
0.0672855 0.0415251
0.00300861 0.0226425
0.0186909 0.00140988
0.0260917 0.0401234
0.046548 0.0463867
0.0681105 0.0295621
0.047617 0.0266667
0.0345336 0.0276248
0.0191314 0.0506046

0.0160954 0.0277727
0.0457447 0.0516087
0.0564745 0.0287864
0.00961917 0.0554608
0.0346655 0.000951476
0.0315757 0.0585372
0.0200094 0.041658
0.0138209 0.0393378
0.0108433 0.0247203
0.00918555 0.0138588

0.051359 0.00846829
0.0429991 0.0685945
0.0605973 0.0562498
0.0699496 0.0287081
0.0611832 0.00994765
0.0453249 0.0203019
0.0283891 0.0363612
0.0114959 0.0625815
0.0450098 0.0100654
0.0110833 0.0700597

0.0232372 0.0410709
0.0574122 0.0464361
0.0567874 0.0557086
0.0136004 0.0411083
0.0137283 0.0127003
0.0575558 0.017498
0.0682565 0.0317823
0.0499784 0.0355408
0.0185308 0.012005
0.0191702 0.0638003

0.0516261 0.0577094
0.0231356 0.0191776
0.00320292 0.0341161
0.0360548 1.61228e-05
0.0406965 0.0265181
0.0669015 0.0122816
0.0700455 0.01791
0.0663984 0.0218593
0.00563281 0.0627701
0.0272549 0.0658048

0.0503587 0.0267456
0.0680188 0.0545278
0.0411927 0.00526707
0.0435072 0.0445352
0.0396484 0.0345476
0.00215312 0.067157
0.0261853 0.0218891
0.0293261 0.0563489
0.0471386 0.0112949
0.0616191 0.0342823

0.00562107 0.0218309
0.0193814 0.0254429
0.0504634 0.0136112
0.017879 0.0547156
0.0269059 0.046596
0.0576994 0.0344831
0.0466029 0.059264
0.0129981 0.0185841
0.0297042 0.0415641
0.0547336 0.053583

0.000842587 0.0420569
0.049667 0.0422613
0.00457836 0.00374824
0.063918 0.0209547
0.0323926 0.0219231
0.0283306 0.00356813
0.0471977 0.0460848
0.0574023 0.0501368
0.0508068 0.0205831
0.0345272 0.0139767

0.0281339 0.00128932
0.0170417 0.0481316
0.0443849 0.00338174
0.00692551 0.00138838
0.0583355 0.0278041
0.0270609 0.0273469
0.031369 0.0600671
0.0354249 0.052061
0.010999 0.0484929
0.0688832 0.0511538

0.0189994 0.0232518
0.0472563 0.0281941
0.000973667 0.0503718
0.0649141 0.0044615
0.0668912 0.0645126
0.0624052 0.0571298
0.0156415 0.0670103
0.00470917 0.0232865
0.0564285 0.0216183
0.0551832 0.0417292

0.0398928 0.0656569
0.0625586 0.00734605
0.0475729 0.0332721
0.0340011 0.0391656
0.0635017 0.0522876
0.00360323 0.0586208
0.00547004 0.0219888
0.0196685 0.0344502
0.00960026 0.0321171
0.0610394 0.0141282

0.00923043 0.0101024
0.0689579 0.0453898
0.0568867 0.0636287
0.0696991 0.052786
0.0276868 0.0486261
0.0552312 0.0409614
0.0645156 0.00114059
0.0388932 0.026589
0.0309577 0.0640463
0.0294003 0.00350042

0.0152375 0.00704725
0.0114996 0.0470867
0.0570191 0.0169407
0.0345795 0.00873927
0.041384 0.020391
0.0220489 0.00536511
0.0503291 0.00664948
0.0452554 0.0612227
0.0663745 0.0417022
0.00804799 0.0218255

0.0237457 0.0101907
0.0658779 0.0240889
0.0154871 0.0213879
0.0242673 0.0365391
0.0246038 0.0240573
0.0456711 0.0642649
0.0162823 0.0340212
0.0317771 0.0450672
0.0226494 0.0057027
0.0336045 0.0671707

0.0387332 0.0443916
0.0137528 0.0315849
0.0209588 0.070051
0.0284791 0.0365819
0.0286448 0.0376844
0.0174725 0.0243706
0.0212308 0.0562577
0.0132852 0.0594277
0.0439496 0.0652811
0.0592625 0.0226053

0.0357085 0.0373573
0.00948213 0.00660193
0.0571742 0.0245092
0.00307065 0.040693
0.00855467 0.0555721
0.0596851 0.016134
0.0676433 0.00747951
0.0144767 0.0129352
0.0210484 0.0195395
0.0441102 0.0405809

0.059681 0.0412362
0.0210587 0.0305076
0.0394155 0.0599115
0.0559635 0.0117326
0.00431746 0.0141274
0.0230152 0.0349344
0.00903558 0.00413891
0.0637616 0.0686525
0.0562606 0.0174782
0.0220882 0.0208864

0.0395637 0.0688494
0.0300114 0.0523723
0.016776 0.0123812
0.06307 0.0659752
0.0196468 0.0462989
0.0535804 0.012151
0.0410903 0.0110067
0.0304113 0.0185665
0.0250581 0.0374522
0.0401264 0.0499162

0.0597844 0.0647543
0.0369795 0.0549302
0.0558305 0.0599238
0.0485122 0.0390741
0.0316717 0.0417935
0.0231931 0.0681898
0.0205633 0.0406956
0.0630115 0.00512728
0.0356665 0.0201036
0.0453078 0.0670239

0.0544171 0.00652147
0.0295906 0.0352932
0.0432817 0.041629
0.0351877 0.0101034
0.0547913 0.0527354
0.0219927 0.0163607
0.0427942 0.0153473
0.0166968 0.0288135
0.0598052 0.0370983
0.0655764 0.0536048

0.04136 0.0268018
0.0536075 0.016932
0.0165911 0.0593565
0.046038 0.0249764
0.0147761 0.0152494
0.00186273 0.0566305
0.0352046 0.0370042
0.029618 0.0524996
0.00265943 0.0501281
0.0666978 0.0289783

0.014044 0.0550676
0.058556 0.0268792
0.0290231 0.0425066
0.00144409 0.0107097
0.0174992 0.000523398
0.000445659 0.0171864
0.0431668 0.00344869
0.0332849 0.0434573
0.0516551 0.0595722
0.0430128 0.00623282

0.00545722 0.0287376
0.0122821 0.0377558
0.0497739 0.0632549
0.00637027 0.0013068
0.0249761 0.00406977
0.0512821 0.0513997
0.0435661 0.0416996
0.042126 0.0282667
0.0425066 0.0578354
0.00541971 0.0209407

0.0422099 0.0133151
0.0558565 0.0335989
0.0128505 0.0275951
0.00142274 0.0365523
0.0681055 0.00155877
0.0344036 0.0526274
0.0431486 0.0680321
0.00512386 0.0400797
0.0226041 0.0451174
0.038327 0.0694848

0.0261499 0.0147983
0.0569164 0.0273347
0.0528679 0.00929599
0.0587597 0.028685
0.0201102 0.0706696
0.0119741 0.0627745
0.0252725 0.017886
0.0555206 0.00123429
0.0153687 0.0579232
0.0669213 0.0592985

0.0327052 0.0291871
0.0151092 0.0386124
0.0632454 0.0116493
0.0139493 0.0125688
0.0149993 0.0448041
0.0214891 0.0511346
0.0421969 0.0108489
0.0420549 0.019575
0.0403937 0.0608881
0.0147177 0.00546116

0.0401582 0.0451605
0.0282244 0.043882
0.0340457 0.00846022
0.0175885 0.0294018
0.00518625 0.0109421
0.0308978 0.0433017
0.0562914 0.044472
0.00331853 0.0463018
0.0421392 0.0505947
0.0558984 0.0401836

0.0613926 0.0261097
0.0215238 0.0229381
0.00431176 0.00158368
0.062534 0.0639276
0.0463342 0.06657
0.0418983 0.0379409
0.00347021 0.0293959
0.0648904 0.0599412
0.0430316 0.0513511
0.0378381 0.0113804

0.0345212 0.0508816
0.0664299 0.0690738
0.0560068 0.00488945
0.0555245 0.0563681
0.0234135 0.00773988
0.0537848 0.0526833
0.0272413 0.016157
0.00556777 0.0550458
0.00743198 0.0434403
0.0188836 0.0484417

0.0122691 0.0521691
0.0355011 0.00205631
0.0344067 0.00670318
0.0591879 0.0557605
0.0441546 0.0405276
0.0451146 0.00569811
0.0323854 0.0366184
0.00160041 0.00200064
0.0357392 0.0302933
0.0265602 0.0357735

0.0318462 0.0423267
0.0632316 0.0653944
0.0147107 0.00057892
0.0181243 0.062637
0.0532891 0.00287185
0.0153333 0.00148353
0.0693896 0.0675394
0.00172122 0.00923482
0.0341845 0.0555953
0.00793095 0.0420212

0.04416 0.0578946
0.0316797 0.0159382
0.0487497 0.0352066
0.0565301 0.0167466
0.06274 0.00560281
0.0362781 0.0405464
0.0158537 0.0344641
0.0043126 0.0159674
0.0356327 0.0569134
0.00736432 0.0160997

0.0702633 0.00958789
0.0246704 0.0464675
0.0274852 0.0614684
0.0150752 0.0336192
0.0702413 0.0288816
0.051352 0.0497493
0.0521782 0.00518588
0.0560286 0.0469355
0.0703828 0.0402394
0.0396236 0.0204695

0.0144689 0.069799
0.0231861 0.055797
0.0367337 0.0594408
0.0485123 0.034992
0.0183482 0.0287509
0.0576777 0.0290137
0.0252453 0.0492402
0.0322863 0.0205762
0.0620115 0.0281513
0.0438187 0.0206603

0.0392844 0.00718041
0.0588212 0.00806626
0.0353484 0.0375747
0.045583 0.0118596
0.0590347 0.00519738
0.0355524 0.0606941
0.0330462 0.00734198
0.00698513 0.0160796
0.0587367 0.000774629
0.0376812 0.00629925

0.0331306 0.0651302
0.0310588 0.0333342
0.0296698 0.00460444
0.0292717 1.89987e-06
0.0161202 0.0329759
0.0154644 0.021264
0.0219609 0.0570469
0.0637163 0.0651688
0.0404254 0.0578248
0.0478551 0.026795

0.00145381 0.0678528
0.0187354 9.19685e-05
0.0376795 0.0298053
0.0547574 0.0300931
0.0100619 0.00726301
0.00894915 0.0327677
0.0658938 0.0308178
0.00129427 0.0303547
0.0292593 0.0303086
0.00691328 0.0681703

0.00266793 0.0609023
0.0281497 0.0201217
0.0496061 0.0440624
0.0218355 0.0041824
0.0679503 0.0369406
0.067014 0.0617765
0.0254928 0.0206107
0.028893 0.0288751
0.031446 0.0637394
0.0117967 0.0125781

0.0172472 0.0179568
0.01836 0.0237501
0.0198635 0.0468179
0.0592698 0.0243028
0.0130647 0.063406
0.0114289 0.0522259
0.0387522 0.049241
0.0648426 0.0415031
0.0273074 0.00735633
0.0585848 0.0183149

0.0324873 0.0374294
0.00863702 0.0228713
0.0151016 0.0344249
0.0626999 0.044556
0.00483635 0.0626669
0.0516574 0.0561531
0.0276338 0.0223269
0.0201503 0.0701009
0.0350744 0.0393678
6.45415e-05 0.011829

0.0619319 0.000605378
0.0201615 0.0327688
0.0691193 0.055126
0.0183086 0.0428243
0.00212637 0.0470172
0.0152246 0.0126693
0.0387057 0.0307539
0.00965219 0.0625742
0.0368231 0.0419916
0.0583076 0.0101088

0.0576134 0.00376132
0.0670345 0.0455984
0.018439 0.0157383
0.0299637 0.0184383
0.00204763 0.0465416
0.0314983 0.0514901
0.0705432 0.0204391
0.0498129 0.0131531
0.0415136 0.0683386
0.0398639 0.0684798

0.0372852 0.0351162
0.0479458 0.0529225
0.0344191 0.0470633
0.0393196 0.00273865
0.0026165 0.0234359
0.0355866 0.0433184
0.0520303 0.00179818
0.045801 0.0429541
0.0527638 0.0149465
0.0555403 0.0639136

0.0326421 0.0361101
0.0417535 0.0467521
0.0522021 0.0699613
0.0408152 0.0329088
0.0167269 0.063399
0.0367912 0.0369637
0.020366 0.0372067
0.0057788 0.0372408
0.0500827 0.0336922
0.00294494 0.0236094

0.0258581 0.046798
0.0340301 0.0171276
0.0516109 0.0647833
0.0537402 0.0211286
0.0338556 0.0259447
0.0485389 0.0664221
0.0369661 0.0541798
0.0655764 0.0283609
0.0283141 0.0570017
0.0501322 0.000904918

0.0346861 0.0342572
0.000896342 0.0349605
0.0295044 0.0215111
0.0300945 0.0354166
0.0651311 0.0118407
0.016628 0.018032
0.0512045 0.0389802
0.0159996 0.0417953
0.000800413 0.0387556
0.0343199 0.0640496

0.0683758 0.027403
0.0233159 0.0280277
0.00713057 0.056113
0.0131995 0.026062
0.0706464 0.00543569
0.00402313 0.0235574
0.0582401 0.0104751
0.0190049 0.065906
0.0549209 0.0569856
0.031599 0.00221756

0.0626084 0.0222836
0.0260355 0.0458241
0.0224992 0.00169829
0.0419687 0.0593667
0.0407012 0.0701757
0.0268141 0.0162603
0.026488 0.00742293
0.0358313 0.0200888
0.0396003 0.0568977
0.027196 0.0590911

0.0330513 0.0435634
0.0319463 0.0306786
0.0470587 0.0672376
0.0674175 0.0526296
0.0275952 0.00243988
0.0487138 0.0601414
0.00541347 0.0598198
0.0531462 0.025521
0.0198048 0.0251168
0.0323626 0.00739384

0.00202817 0.0121298
0.0275919 0.010344
0.029577 0.00469884
0.026292 0.0425309
0.0546897 0.0393409
0.0282778 0.0204736
0.0676095 0.06433
0.0153291 0.0529078
0.0355561 0.0387231
0.02717 0.0352008

0.0573771 0.0218221
0.00615298 0.0350652
0.0502068 0.0146615
0.0213804 0.0397655
0.00232494 0.0620164
0.0531873 0.0360096
0.0112875 0.0675242
0.0221782 0.00703809
0.0522485 0.0205066
0.00306139 0.0126586

0.0299539 0.0680493
0.00812623 0.0688487
0.0550001 0.0381903
0.0576014 0.0365228
0.0518365 0.0605173
0.0624261 0.0514342
0.0423535 0.056746
0.0473606 0.0369424
0.0443499 0.0060806
0.0450854 0.0141504

0.00993741 0.0314993
0.0463501 0.0485623
0.0337293 0.00906745
0.0503193 0.0264172
0.0541764 0.0287117
0.0626371 0.0558806
0.0305262 0.0347747
0.0675795 0.0547975
0.00652371 0.0120011
0.0278462 0.0117323

0.046987 0.0131565
0.0256395 0.0236236
0.0519728 0.0254353
0.00070571 0.03493
0.0605882 0.0699037
0.00923691 0.06011
0.0397843 0.00981439
0.0373925 0.0135028
0.0593179 0.032759
0.00231244 0.041548

0.040697 0.0631725
0.0145349 0.0443581
0.0141225 0.0494319
0.0627212 0.0527308
0.0457769 0.0245848
0.0621875 0.0512785
0.0411707 0.00492377
0.00736354 0.0482549
0.00787805 0.0569108
0.0152816 0.058485

0.01313 0.0554423
0.0103396 0.0613869
0.0421626 0.0563277
0.0578687 0.0666098
0.0470674 0.0683455
0.0312131 0.0172558
0.0263071 0.0522175
0.0197845 0.02329
0.00696508 0.0540188
0.0693259 0.0501246

0.0481965 0.030085
0.00191269 0.0692248
0.0683792 0.0617911
0.0471784 0.0504019
0.0288094 0.0295711
0.00309407 0.0251703
0.0106 0.0171005
0.0404575 0.0623668
0.0247333 0.0661767
0.00256687 0.0316441

