1000, 64, 32, 0.707107, 0.0883883
Simulation Time = 0.0621397 seconds for 1000 particles.
1000, 64, 32, 0.707107, 0.0883883
Simulation Time = 0.0603063 seconds for 1000 particles.
1000, 64, 32, 0.707107, 0.0883883
Simulation Time = 0.0608032 seconds for 1000 particles.
1000, 64, 32, 0.707107, 0.0883883
Simulation Time = 0.0599242 seconds for 1000 particles.
1000, 64, 32, 0.707107, 0.0883883
Simulation Time = 0.0612438 seconds for 1000 particles.
1000, 64, 32, 0.707107, 0.0883883
Simulation Time = 0.0599884 seconds for 1000 particles.
1000, 64, 32, 0.707107, 0.0883883
Simulation Time = 0.0584379 seconds for 1000 particles.
test
1000, 64, 32, 0.707107, 0.0883883
Simulation Time = 0.0599672 seconds for 1000 particles.
1000, 64, 32, 0.707107, 0.0883883
Simulation Time = 0.062152 seconds for 1000 particles.
1000, 64, 32, 0.707107, 0.0883883
Simulation Time = 0.0608565 seconds for 1000 particles.
1000, 64, 32, 0.707107, 0.0883883
Simulation Time = 0.0612995 seconds for 1000 particles.
1000, 64, 32, 0.707107, 0.0883883
Simulation Time = 0.0611059 seconds for 1000 particles.
1000, 64, 32, 0.707107, 0.0883883
Simulation Time = 0.0590329 seconds for 1000 particles.
1000, 64, 32, 0.707107, 0.0883883
Simulation Time = 0.0583147 seconds for 1000 particles.
NEW TEST
1000000, 65536, 32, 22.3607, 0.08734641
1000000, 65536, 32, 22.3607, 0.08734641
1000000, 65536, 32, 22.3607, 0.08734641
1000000, 65536, 32, 22.3607, 0.08734641
1000000, 65536, 32, 22.3607, 0.08734641
Simulation Time = 9.82299 seconds for 1000000 particles.
1000000, 65536, 32, 22.3607, 0.08734641
Simulation Time = 10.6945 seconds for 1000000 particles.
1000000, 65536, 32, 22.3607, 0.08734641
Simulation Time = 10.251 seconds for 1000000 particles.
1000000, 65536, 32, 22.3607, 0.08734641
1000000, 65536, 32, 22.3607, 0.08734641
1000000, 65536, 32, 22.3607, 0.08734641
1000000, 65536, 32, 22.3607, 0.08734641
1000000, 65536, 32, 22.3607, 0.08734641
Simulation Time = 10.8893 seconds for 1000000 particles.
1000000, 65536, 32, 22.3607, 0.08734641
Simulation Time = 10.9598 seconds for 1000000 particles.
1000000, 65536, 32, 22.3607, 0.08734641
1000000, 65536, 32, 22.3607, 0.08734641
1000000, 65536, 32, 22.3607, 0.08734641
1000000, 65536, 32, 22.3607, 0.08734641
1000000, 65536, 32, 22.3607, 0.08734641
NEW TEST
1000000, 65536, 32, 22.3607, 0.08734641
Simulation Time = 10.6211 seconds for 1000000 particles.
1000000, 65536, 32, 22.3607, 0.08734641
Simulation Time = 10.2679 seconds for 1000000 particles.
1000000, 65536, 32, 22.3607, 0.08734641
Simulation Time = 10.3555 seconds for 1000000 particles.
1000000, 65536, 32, 22.3607, 0.08734641
Simulation Time = 10.133 seconds for 1000000 particles.
1000000, 65536, 32, 22.3607, 0.08734641
Simulation Time = 10.5129 seconds for 1000000 particles.
1000000, 65536, 32, 22.3607, 0.08734641
Simulation Time = 10.9483 seconds for 1000000 particles.
1000000, 65536, 32, 22.3607, 0.08734641
Simulation Time = 10.3549 seconds for 1000000 particles.
1000000, 65536, 32, 22.3607, 0.08734641
Simulation Time = 10.2362 seconds for 1000000 particles.
1000000, 65536, 32, 22.3607, 0.08734641
Simulation Time = 10.3903 seconds for 1000000 particles.
NEW TEST
1000000, 65536, 32, 22.3607, 0.08734641
Simulation Time = 10.1454 seconds for 1000000 particles.
1000000, 65536, 32, 22.3607, 0.08734641
Simulation Time = 9.87025 seconds for 1000000 particles.
1000000, 65536, 32, 22.3607, 0.08734641
Simulation Time = 10.8719 seconds for 1000000 particles.
1000000, 65536, 32, 22.3607, 0.08734641
Simulation Time = 10.5934 seconds for 1000000 particles.
1000000, 65536, 32, 22.3607, 0.08734641
Simulation Time = 10.3964 seconds for 1000000 particles.
1000000, 65536, 32, 22.3607, 0.08734641
Simulation Time = 10.3163 seconds for 1000000 particles.
1000000, 65536, 32, 22.3607, 0.08734641
Simulation Time = 10.6908 seconds for 1000000 particles.
NEW TEST
1000000, 65536, 32, 22.3607, 0.0873464, 1ree
Simulation Time = 10.632 seconds for 1000000 particles.
1000000, 65536, 32, 22.3607, 0.0873464, 1ree
Simulation Time = 10.4758 seconds for 1000000 particles.
1000000, 65536, 32, 22.3607, 0.0873464, 1ree
Simulation Time = 10.3728 seconds for 1000000 particles.
1000000, 65536, 32, 22.3607, 0.0873464, 1ree
Simulation Time = 10.1523 seconds for 1000000 particles.
1000000, 65536, 32, 22.3607, 0.0873464, 1ree
Simulation Time = 10.3601 seconds for 1000000 particles.
1000000, 65536, 32, 22.3607, 0.0873464, 1ree
Simulation Time = 10.3531 seconds for 1000000 particles.
1000000, 65536, 32, 22.3607, 0.0873464, 1ree
NEW TEST
cores: 1
1000000, 65536, 32, 22.3607, 0.0873464, 1ree
Simulation Time = 10.2845 seconds for 1000000 particles.
cores: 2
1000000, 65536, 32, 22.3607, 0.0873464, 1ree
cores: 4
cores: 8
cores: 16
cores: 33
cores: 68
NEW TEST
cores: 1
1000000, 65536, 32, 22.3607, 0.0873464
Simulation Time = 10.2117 seconds for 1000000 particles.
cores: 2
1000000, 65536, 32, 22.3607, 0.0873464
Simulation Time = 10.1998 seconds for 1000000 particles.
cores: 4
1000000, 65536, 32, 22.3607, 0.0873464
Simulation Time = 10.6389 seconds for 1000000 particles.
cores: 8
1000000, 65536, 32, 22.3607, 0.0873464
Simulation Time = 10.4994 seconds for 1000000 particles.
cores: 16
1000000, 65536, 32, 22.3607, 0.0873464
Simulation Time = 10.8465 seconds for 1000000 particles.
cores: 33
1000000, 65536, 32, 22.3607, 0.0873464
Simulation Time = 10.3083 seconds for 1000000 particles.
cores: 68
1000000, 65536, 32, 22.3607, 0.0873464
Simulation Time = 10.6822 seconds for 1000000 particles.
