10 0.0707107
0.0146393 0.0355757
0.0136423 0.0526611
0.0429254 0.0173244
0.0278766 0.0175743
0.0423143 0.0352009
0.0564653 0.0181132
0.0569149 0.0352745
0.0143274 0.0177022
0.0282277 0.0534111
0.0278117 0.0353898

0.0152226 0.0383706
0.00864339 0.0489424
0.0479159 0.013792
0.0248996 0.0164031
0.0411934 0.0336565
0.055433 0.0224686
0.060378 0.0344665
0.0150799 0.0180847
0.0276623 0.0571923
0.0274741 0.0351422

0.0120634 0.0410157
0.0026495 0.0460523
0.0529063 0.0102595
0.0264888 0.0146247
0.0405484 0.0320066
0.0544007 0.026824
0.0638411 0.0336584
0.0112663 0.0190744
0.0270968 0.0609735
0.0313982 0.0343213

0.0127985 0.0412414
0.00353277 0.0455816
0.0578967 0.0067271
0.028078 0.0128462
0.0443144 0.0292445
0.0535793 0.0312008
0.0673042 0.0328504
0.0074527 0.0200641
0.0265313 0.0647546
0.0307003 0.0345913

0.0203669 0.0385118
0.00288176 0.0480661
0.0628871 0.00319466
0.0296672 0.0110678
0.0446601 0.0258659
0.056193 0.03619
0.0706541 0.0320423
0.00363909 0.0210538
0.0259658 0.0685358
0.0299876 0.0348653

0.0216195 0.0381993
0.00223074 0.0505506
0.0678775 0.000337781
0.0312564 0.00928937
0.0449561 0.0224727
0.0588564 0.0411938
0.067191 0.0312343
0.000174514 0.0220435
0.0254004 0.0691044
0.0355908 0.0327223

0.0210283 0.0385936
0.00157972 0.0530352
0.0685535 0.00387022
0.0328456 0.00751094
0.0452521 0.0190795
0.0615198 0.0461977
0.0637278 0.0304262
0.00398812 0.0230333
0.0248349 0.0653232
0.0430377 0.0298725

0.0204371 0.0389879
0.000928703 0.0555197
0.0635631 0.00740266
0.0344348 0.00573251
0.0455481 0.0156863
0.0641832 0.0512015
0.0602647 0.0296181
0.00780173 0.024023
0.0242694 0.061542
0.0504846 0.0270226

0.019846 0.0393821
0.000277685 0.0580042
0.0585727 0.0109351
0.036024 0.00395407
0.0458441 0.0122931
0.0668466 0.0562053
0.0638681 0.0315335
0.0116153 0.0250127
0.023704 0.0577608
0.050865 0.0214494

0.0192548 0.0397764
0.000373333 0.0604888
0.0565704 0.0112326
0.0374647 0.00207344
0.0452893 0.00716577
0.06951 0.0612092
0.0692135 0.0341619
0.0154289 0.0260024
0.0231385 0.0539797
0.0475145 0.0202344

0.0186637 0.0401707
0.00102435 0.0629733
0.0575426 0.00832669
0.0352294 0.0022133
0.047919 0.00353831
0.0692479 0.066213
0.0668624 0.0367904
0.0192426 0.0269921
0.022573 0.0501985
0.0416811 0.023129

0.0171161 0.0385173
0.00167537 0.0654579
0.0586789 0.00552629
0.0328946 0.00656178
0.0504841 0.000132878
0.0665845 0.0702045
0.061517 0.0394188
0.0230562 0.0279819
0.0229639 0.0484651
0.0358476 0.0260235

0.0148535 0.0355229
0.00232639 0.0679424
0.0628626 0.0044844
0.0305599 0.0109103
0.0500017 0.00295157
0.0639211 0.0652007
0.0561716 0.0420473
0.021895 0.0295662
0.024013 0.0481222
0.0350459 0.0282738

0.00805821 0.0362985
0.00297741 0.0704269
0.0674417 0.00364369
0.0282251 0.0152588
0.049124 0.00556908
0.0612577 0.0601968
0.0508263 0.0446757
0.0203574 0.0280014
0.025062 0.0477794
0.0391532 0.0299031

0.000925456 0.0373465
0.00362842 0.0685099
0.0694005 0.00280298
0.0259048 0.0195921
0.0482463 0.00818659
0.0585943 0.055193
0.0454809 0.0473042
0.0191428 0.0261793
0.0261111 0.0474366
0.0432606 0.0315324

0.0062073 0.0383945
0.00427944 0.0660253
0.0648214 0.00196227
0.0269435 0.0208471
0.0473686 0.0108041
0.0559308 0.0501892
0.0401355 0.0499326
0.0145692 0.0274358
0.0271601 0.0470938
0.0473679 0.0331618

0.0133401 0.0394425
0.00493046 0.0635408
0.0602423 0.00112156
0.0283172 0.0218124
0.046491 0.0134216
0.0532674 0.0451853
0.035232 0.0528535
0.00966055 0.0289817
0.0277672 0.0464586
0.0514753 0.0347911

0.0190735 0.0396709
0.00558148 0.0610563
0.0556632 0.000280855
0.029691 0.0227778
0.0456133 0.0160391
0.0506572 0.0451287
0.0327452 0.0575043
0.00475187 0.0305277
0.027357 0.044913
0.0555294 0.0314732

0.0181812 0.0359485
0.00623249 0.0585717
0.0510841 0.000559853
0.0310648 0.0237432
0.0447356 0.0186566
0.048022 0.0468485
0.0302583 0.0621551
0.000156807 0.0320737
0.0335726 0.0473182
0.0596085 0.026379

0.017289 0.0322261
0.00688351 0.0560872
0.046505 0.00140056
0.0324386 0.0247085
0.0438579 0.0212741
0.0479919 0.0482798
0.0277714 0.0668059
0.00506549 0.0336197
0.037183 0.0500117
0.0636877 0.0212847

0.0168502 0.028222
0.00753453 0.0536026
0.0419259 0.00224127
0.0336495 0.0257086
0.043143 0.0238569
0.0540284 0.0490114
0.0252845 0.0699646
0.00952065 0.0354475
0.0347269 0.053405
0.0677668 0.0161905

0.0175612 0.0234681
0.00818555 0.0511181
0.0373468 0.00308198
0.0325773 0.027167
0.0447113 0.0259814
0.0600649 0.049743
0.0227976 0.0653138
0.0128261 0.0380249
0.0322708 0.0567983
0.0695754 0.0110963

0.0182721 0.0187143
0.00883657 0.0486336
0.0327677 0.00392269
0.031467 0.0286324
0.0463177 0.0280989
0.0661014 0.0504746
0.0200778 0.0607143
0.0161316 0.0406024
0.0300476 0.0601403
0.0654963 0.00600204

0.0189831 0.0139605
0.00948758 0.046149
0.0281886 0.0047634
0.0303568 0.0300978
0.047924 0.0302164
0.0692834 0.0512062
0.0162108 0.056331
0.019437 0.0431798
0.0289716 0.0632661
0.0614172 0.000907804

0.0174092 0.0114241
0.00986299 0.0429514
0.0258944 0.00338664
0.0292465 0.0315632
0.0495304 0.0323339
0.0632469 0.0519378
0.0126193 0.0526608
0.0227425 0.0457573
0.0278956 0.0663919
0.057338 0.00418643

0.0125507 0.01207
0.00934542 0.0373294
0.0268848 0.00117236
0.0281362 0.0330286
0.0511367 0.0344514
0.0572104 0.0526694
0.00992091 0.0514149
0.0260479 0.0483347
0.0268196 0.0695176
0.0532589 0.00928066

0.00769208 0.0127159
0.00882784 0.0317075
0.0278752 0.00573135
0.027026 0.034494
0.0527431 0.0365689
0.0511739 0.053401
0.00722248 0.0501691
0.0293534 0.0509121
0.0257436 0.068778
0.0491798 0.0143749

0.0028335 0.0133618
0.00831027 0.0260855
0.0288657 0.0102903
0.0259157 0.0359593
0.0543494 0.0386863
0.0451374 0.0541326
0.00452404 0.0489232
0.0326588 0.0534896
0.0246676 0.0656522
0.0451006 0.0194691

0.00192943 0.0139002
0.00788834 0.020571
0.0298561 0.0148493
0.0248055 0.0374247
0.0559557 0.0408038
0.0441465 0.0547604
0.00182561 0.0476773
0.0309187 0.0561708
0.0235916 0.0625265
0.0410215 0.0245634

0.00158568 0.0087281
0.0125731 0.020767
0.0308465 0.0194083
0.0236952 0.0388901
0.0575621 0.0429213
0.0474429 0.0552742
0.000872827 0.0464315
0.029812 0.054873
0.017595 0.0634937
0.0369424 0.0296576

0.000966619 0.00324918
0.0175332 0.0212699
0.031837 0.0239673
0.0225849 0.0403555
0.0591684 0.0450388
0.0507392 0.055788
0.00357126 0.0451856
0.0296376 0.0528123
0.010666 0.065224
0.0328632 0.0347518

0.000347554 0.00222974
0.0224932 0.0217727
0.0328274 0.0285263
0.0199573 0.0424389
0.0607748 0.0471563
0.0540356 0.0563018
0.0062697 0.0439398
0.0294632 0.0507515
0.003737 0.0669542
0.0303014 0.0392281

0.000271511 0.00770866
0.0274533 0.0222756
0.0342649 0.0319593
0.0172194 0.0457793
0.0626317 0.0489095
0.0570814 0.05718
0.00675962 0.0423646
0.0290276 0.0515827
0.00319199 0.0686845
0.0298727 0.0410106

0.000890577 0.0131876
0.032408 0.0227696
0.0374628 0.0311344
0.0191522 0.0498967
0.06554 0.0491254
0.0590758 0.0595953
0.00257874 0.0400124
0.0283479 0.0550766
0.010121 0.0704147
0.0279329 0.0443972

0.00150964 0.0186665
0.0364324 0.0217
0.041591 0.0318731
0.0188157 0.0544787
0.0684483 0.0493414
0.0610702 0.0620107
0.00160214 0.0376603
0.0286032 0.0591098
0.01705 0.0692764
0.0273277 0.0467798

0.00212871 0.0241454
0.0403615 0.0204677
0.0458144 0.0327744
0.0172241 0.0591838
0.0700647 0.0495573
0.0630645 0.0644261
0.00578302 0.0353081
0.0306669 0.0625693
0.0227961 0.0684785
0.0273519 0.0486808

0.00145264 0.0278365
0.0442907 0.0192355
0.0500378 0.0336757
0.015564 0.0638283
0.0671564 0.0497733
0.0650589 0.0668415
0.011259 0.0347438
0.0382149 0.061752
0.0231264 0.0695244
0.0273761 0.0505818

0.000511387 0.0298123
0.0482198 0.0180033
0.0542612 0.034577
0.0113482 0.0665549
0.064248 0.0499892
0.0670533 0.0692568
0.018023 0.0358947
0.0457629 0.0609346
0.0260124 0.0680239
0.0274004 0.0524828

0.00247542 0.0317882
0.0521489 0.0167711
0.0584846 0.0354783
0.00704873 0.0692281
0.0613397 0.0502051
0.0690476 0.0697492
0.024787 0.0370457
0.0533109 0.0601173
0.0289821 0.0665767
0.0274246 0.0543838

0.00443945 0.033764
0.0560781 0.0155389
0.062708 0.0363796
0.00274924 0.06952
0.0586178 0.0494258
0.0703794 0.0673338
0.031551 0.0381966
0.0606725 0.0602952
0.0319518 0.0651295
0.0274488 0.0562847

0.00640348 0.0357398
0.0600072 0.0143067
0.0669315 0.0372809
0.00155025 0.0668467
0.0561585 0.0470461
0.0685995 0.0687901
0.0383149 0.0393475
0.0633346 0.0582018
0.0355154 0.0646947
0.0268792 0.0571734

0.00836751 0.0377157
0.0639364 0.0130745
0.0702665 0.0381822
0.00584975 0.0641735
0.0536993 0.0446663
0.0632648 0.0686167
0.0450789 0.0404984
0.0631046 0.0535502
0.0391884 0.0644355
0.0262001 0.0578864

0.0103315 0.0396915
0.0678655 0.0118423
0.0660431 0.0390835
0.0101492 0.0615003
0.0562546 0.0440365
0.0579302 0.0646021
0.0443702 0.037909
0.0653326 0.0508891
0.0428614 0.0641763
0.025521 0.0585993

0.0122956 0.0416673
0.0696267 0.01061
0.0644856 0.0390032
0.0144487 0.058827
0.0526427 0.0411854
0.0542704 0.0601171
0.0423523 0.0346551
0.0690503 0.0520953
0.0448595 0.0643875
0.024842 0.0593123

0.0142596 0.0436432
0.0656975 0.00937783
0.0646733 0.0382977
0.0156445 0.05567
0.0472856 0.0389594
0.0540649 0.0545517
0.0403345 0.0314013
0.0642075 0.0526473
0.0412078 0.0663335
0.0272666 0.0605091

0.0161605 0.0433835
0.0617684 0.00814561
0.064861 0.0375922
0.0156713 0.0545385
0.0423183 0.0372781
0.0454671 0.051345
0.0379269 0.0276027
0.0677569 0.0508404
0.0376172 0.0683319
0.0308622 0.0618635

0.0179896 0.0399821
0.0578392 0.0069134
0.0650487 0.0368867
0.0157698 0.0565486
0.0375969 0.0359472
0.0368694 0.0481384
0.0352735 0.0234538
0.070115 0.0490335
0.0371678 0.067965
0.0313166 0.0600918

0.0198188 0.0365808
0.0539101 0.00568119
0.0652364 0.0361813
0.0158683 0.0585588
0.0328755 0.0346164
0.0282716 0.0449317
0.03262 0.0193048
0.0665655 0.0472266
0.0384617 0.0646709
0.0300277 0.0561082

0.0191888 0.0312448
0.0499809 0.00444897
0.0654242 0.0354758
0.0159668 0.0605689
0.0297818 0.0332914
0.0205052 0.0436538
0.0299665 0.0151559
0.0630161 0.0454198
0.0400262 0.0617169
0.0284682 0.0517845

0.0144701 0.0240716
0.0460518 0.00321676
0.0656119 0.0347703
0.0160653 0.0625791
0.030065 0.032041
0.0134508 0.0441385
0.027313 0.0110069
0.0594666 0.0436129
0.0415907 0.058763
0.0269087 0.0474608

0.00975134 0.0168984
0.0421226 0.00198455
0.0657996 0.0340648
0.0161638 0.0645892
0.0303481 0.0307907
0.00639642 0.0446232
0.0246596 0.00685794
0.0559172 0.041806
0.0431552 0.055809
0.0253492 0.0431372

0.00503261 0.00972517
0.0381935 0.000752333
0.0659873 0.0333593
0.0162623 0.0665994
0.0306312 0.0295403
0.000657981 0.045108
0.0220061 0.00270898
0.0523677 0.0399991
0.0447198 0.052855
0.0237897 0.0388135

0.000313875 0.00255197
0.0342643 0.00047988
0.066175 0.0326538
0.0163608 0.0686095
0.0309143 0.0282899
0.00771239 0.0455927
0.0193526 0.00143998
0.0488183 0.0381922
0.0462843 0.049901
0.0222302 0.0344898

0.00440486 0.00462123
0.0303352 0.00171209
0.0663627 0.0319483
0.0164593 0.0706197
0.0311975 0.0270395
0.0147668 0.0460774
0.0166992 0.00558893
0.0452688 0.0363853
0.0478488 0.046947
0.0206707 0.0301661

0.00561838 0.0120015
0.026406 0.00294431
0.0665504 0.0312428
0.0165578 0.0687915
0.0314806 0.0257892
0.0218212 0.0465621
0.0175509 0.00953082
0.0417194 0.0345784
0.0494133 0.043993
0.0191112 0.0258425

0.0032706 0.0196215
0.0235163 0.00277518
0.0667381 0.0305373
0.0166563 0.0667814
0.0317637 0.0245388
0.0288756 0.0470468
0.0211593 0.0139056
0.03817 0.0327716
0.0509778 0.041039
0.0173169 0.0222474

0.000922817 0.0272416
0.0213033 0.00165572
0.0669258 0.0298318
0.0167548 0.0647713
0.031196 0.0219407
0.03593 0.0475315
0.0266749 0.0123989
0.0354714 0.0323124
0.0525423 0.0380851
0.0129388 0.0254843

0.00134768 0.0349172
0.0190904 0.000536262
0.0671135 0.0291263
0.0168533 0.0627611
0.0307866 0.0208444
0.0429844 0.0480162
0.0315582 0.00862198
0.0332466 0.0326217
0.0541068 0.0351311
0.00863787 0.0286656

0.00182032 0.0440943
0.0168774 0.000583199
0.0673012 0.0284208
0.0169517 0.060751
0.0306555 0.0208249
0.0500388 0.0485009
0.0361633 0.00376814
0.0310219 0.032931
0.0556714 0.0321771
0.00613484 0.0303453

0.00225675 0.0533077
0.0146645 0.00170266
0.067489 0.0277154
0.0170502 0.0587408
0.0305243 0.0208055
0.0570932 0.0489856
0.0407684 0.00108571
0.0287971 0.0332403
0.0572359 0.0292231
0.00366801 0.0319888

0.00269317 0.0625211
0.0124515 0.00282212
0.0685384 0.0269588
0.0171487 0.0567307
0.0303932 0.020786
0.0641476 0.0494704
0.0453736 0.00593956
0.0265723 0.0335496
0.0579387 0.0263202
0.00120119 0.0336323

0.0031296 0.0696868
0.0102386 0.00394158
0.0702399 0.0261683
0.0172472 0.0547205
0.030262 0.0207666
0.0702193 0.0499551
0.0499787 0.0107934
0.0243476 0.0338588
0.0579894 0.0234512
0.00126563 0.0352758

0.00356603 0.0604734
0.0080256 0.00506104
0.06948 0.0253779
0.0173457 0.0527104
0.0301309 0.0207471
0.0631649 0.0504398
0.0533454 0.0137893
0.0221228 0.0341681
0.0592785 0.0224401
0.00373246 0.0369193

0.00400246 0.05126
0.00581264 0.0061805
0.0682752 0.025582
0.0174442 0.0507002
0.0299997 0.0207277
0.0561105 0.0509245
0.0529734 0.0112005
0.0198981 0.0344774
0.0587625 0.0260191
0.00619928 0.0385628

0.00258014 0.0466282
0.00359968 0.00729997
0.0655736 0.0259871
0.0175427 0.0486901
0.0298686 0.0207082
0.0490561 0.0514092
0.0526014 0.0086117
0.0186276 0.0345627
0.0531584 0.0293972
0.0095705 0.0358488

0.000591979 0.0461237
0.00138672 0.00841943
0.0629834 0.0263833
0.0176412 0.0466799
0.0297374 0.0206888
0.0420017 0.0518939
0.0522295 0.00602291
0.025863 0.0329569
0.0474429 0.0327842
0.00618576 0.0306984

0.0037641 0.0456192
0.000826237 0.00953889
0.0603932 0.0267796
0.0177397 0.0446698
0.0296063 0.0206694
0.0349473 0.0523786
0.0518575 0.00343412
0.0330984 0.0313511
0.0417275 0.0361711
0.00280101 0.0255481

0.00693623 0.0451147
0.0030392 0.0106583
0.0578029 0.0271758
0.0178382 0.0426596
0.0288815 0.0199009
0.0278929 0.0528633
0.0514855 0.000845325
0.0366097 0.0268483
0.0403296 0.043204
0.000583741 0.0203977

0.00938403 0.0448869
0.00652794 0.00689923
0.0552127 0.0275721
0.018661 0.0403728
0.0267304 0.0173885
0.0208385 0.053348
0.0511136 0.00174347
0.0407319 0.0233255
0.0397472 0.051001
0.0026927 0.020126

0.0103421 0.0450898
0.0103512 0.00187009
0.0526225 0.0279683
0.0209079 0.0375265
0.0245794 0.0148762
0.0138497 0.0539616
0.0507416 0.00433226
0.0448542 0.0198026
0.0391648 0.0587979
0.00446714 0.0211242

0.0101883 0.0426422
0.0141745 0.00315905
0.0500322 0.0283646
0.0231548 0.0346801
0.0224284 0.0123638
0.00797286 0.0572256
0.0503696 0.00692105
0.0489764 0.0162798
0.0385823 0.0665948
0.00624159 0.0221225

0.0100182 0.0401423
0.0143074 0.00431067
0.047442 0.0287608
0.0254018 0.0318338
0.0239676 0.013729
0.00211222 0.0605418
0.050603 0.00380196
0.0524933 0.0184648
0.0379999 0.0670297
0.00801603 0.0231208

0.00984811 0.0376425
0.0115511 0.00244209
0.0448518 0.0291571
0.0276487 0.0289875
0.0283962 0.0181143
0.00374841 0.0638581
0.0508962 6.22305e-05
0.0559503 0.021395
0.0374175 0.0592328
0.00979048 0.024119

0.00967804 0.0351426
0.00879476 0.000573499
0.0422615 0.0295533
0.0291553 0.0306304
0.0335651 0.0180105
0.00960905 0.0671743
0.0511895 0.00392642
0.0594073 0.0243251
0.0368351 0.0514358
0.0115649 0.0251173

0.00897833 0.0346684
0.00603843 0.00129509
0.0396713 0.0299496
0.0302835 0.0344207
0.0391123 0.0157592
0.0154697 0.0704906
0.0514828 0.00779061
0.0628643 0.0272552
0.0362526 0.0436389
0.013869 0.0240899

0.00807455 0.0349398
0.00328211 0.00316367
0.0371472 0.0303061
0.0265511 0.0329528
0.0434671 0.0139693
0.0213303 0.0676145
0.0529686 0.0111935
0.0663213 0.0301854
0.0404646 0.0411399
0.0163772 0.0223169

0.00717077 0.0352111
0.000525784 0.00503226
0.0346559 0.0306431
0.0209033 0.0296052
0.0424662 0.0141435
0.027191 0.0642983
0.05981 0.0126322
0.0697782 0.0331155
0.0466099 0.0406962
0.0188346 0.0203879

0.00626699 0.0354825
0.00223054 0.00690085
0.0321646 0.0309801
0.0160804 0.0296503
0.0414654 0.0143177
0.0330516 0.060982
0.0666514 0.014071
0.0681861 0.0360456
0.0527553 0.0402526
0.0204671 0.015066

0.004565 0.036396
0.00498686 0.00876943
0.0296733 0.0313171
0.0120662 0.0291245
0.0404646 0.0144919
0.0389122 0.0576658
0.0679286 0.0155097
0.0668908 0.0385371
0.0567389 0.0402476
0.0220892 0.00967302

0.00138867 0.0385193
0.00774319 0.010638
0.027182 0.0316541
0.00952628 0.0273889
0.0394637 0.0146661
0.0447729 0.0543495
0.0610872 0.0169485
0.0679208 0.0394676
0.0528175 0.0418036
0.0237113 0.00428003

0.00178765 0.0406425
0.0104995 0.0125066
0.0246907 0.031991
0.00698637 0.0256533
0.0384629 0.0148403
0.0505111 0.0523448
0.0542458 0.0183872
0.061311 0.0403981
0.0490185 0.0420481
0.0253334 0.00111296

0.00496398 0.0427658
0.0132558 0.0143752
0.0221994 0.032328
0.00444646 0.0239177
0.0374621 0.0150145
0.0559978 0.0546446
0.0474044 0.019826
0.0547132 0.0413322
0.0454591 0.0379845
0.0269555 0.00650594

0.00814031 0.044889
0.0160122 0.0162438
0.0197081 0.032665
0.00190655 0.0221821
0.0364124 0.014822
0.0614845 0.0569444
0.04243 0.0225869
0.0490012 0.0426109
0.0410138 0.0335762
0.0267594 0.0109434

0.0113166 0.0470122
0.0159506 0.0203758
0.0172168 0.033002
0.000633353 0.0204465
0.0381471 0.0133712
0.0669713 0.0592442
0.0421016 0.0234523
0.0433419 0.0439132
0.0350405 0.0353065
0.0234262 0.010109

0.014493 0.0491355
0.013316 0.0246021
0.0149734 0.035182
0.00317326 0.018711
0.0389596 0.00989153
0.0689633 0.061544
0.0434497 0.0233888
0.0376826 0.0452156
0.0283129 0.0399946
0.0224182 0.00733732

0.0171655 0.0519022
0.0104929 0.0254339
0.0131568 0.0411167
0.00538313 0.0165798
0.0397722 0.00641187
0.0634766 0.0638439
0.0447978 0.0233253
0.0320233 0.046518
0.0221807 0.0440747
0.0214102 0.00456563

0.0156709 0.0604133
0.0085028 0.0273043
0.00855923 0.04614
0.00675999 0.0134099
0.0405847 0.00293222
0.0579899 0.0661437
0.046146 0.0232618
0.0303441 0.0491891
0.0190165 0.041953
0.0204022 0.00179394

0.0141763 0.0689244
0.00651269 0.0291748
0.00389175 0.0511459
0.00813686 0.0102401
0.0413972 0.000547435
0.0525031 0.0684435
0.0474941 0.0231983
0.0298749 0.0522999
0.0147123 0.039409
0.0193943 0.000977754

0.0126817 0.0639858
0.0040105 0.0305032
0.000775725 0.0561519
0.00949422 0.00707857
0.0422097 0.00402709
0.0470164 0.070678
0.0488422 0.0231349
0.0294056 0.0554108
0.0109202 0.0374069
0.0184058 0.00374106

0.0143271 0.0557235
0.00129656 0.028914
0.00230323 0.060909
0.00726902 0.00510925
0.0430222 0.00750674
0.0415297 0.0683782
0.0501903 0.0230714
0.0289363 0.0585217
0.00993291 0.0383225
0.0209998 0.00531221

0.0197186 0.0476451
0.00660363 0.0273247
8.46196e-05 0.0654822
0.0047049 0.00323826
0.0438347 0.0109864
0.0361626 0.0661523
0.0515384 0.0230079
0.0283474 0.0615586
0.00894566 0.0392382
0.0239328 0.00678501

0.0251101 0.0395667
0.0119107 0.0257355
0.00213399 0.0700555
0.00214077 0.00136728
0.0446473 0.0144661
0.0364705 0.0672216
0.0528866 0.0229444
0.0220835 0.0613004
0.00795842 0.0401538
0.0268658 0.00825781

0.0305016 0.0314883
0.0172178 0.0241462
0.0043526 0.0667926
0.000423348 0.000503705
0.0454598 0.0179457
0.0370612 0.0684465
0.0542347 0.0228809
0.0155368 0.0608865
0.00697118 0.0410695
0.0297988 0.00973062

0.0358931 0.0234099
0.0225248 0.022557
0.00203073 0.0647494
0.00298747 0.00237469
0.0456058 0.0211194
0.0376519 0.0696714
0.0562493 0.0231234
0.0135306 0.0579426
0.00598393 0.0419851
0.0327318 0.0112034

0.0378484 0.0205358
0.0278319 0.0209677
0.00427114 0.0649332
0.00555159 0.00424567
0.0492865 0.0239266
0.0382426 0.070525
0.0597842 0.0235181
0.0155044 0.0527716
0.00499669 0.0429007
0.034046 0.00768612

0.0424575 0.022454
0.0308875 0.0193158
0.010573 0.0651171
0.00811571 0.00611666
0.0514599 0.0266467
0.0388333 0.0693
0.0659494 0.023998
0.0174782 0.0476006
0.00400945 0.0438164
0.033835 0.00055892

0.0459661 0.0235307
0.0333358 0.0176788
0.0168749 0.0653009
0.0106798 0.00798764
0.0553388 0.0302341
0.039424 0.0680751
0.0693068 0.024478
0.019452 0.0424297
0.0030222 0.044732
0.0336263 0.0087632

0.0491106 0.0244172
0.0356604 0.0252804
0.0231767 0.0654848
0.013244 0.00985862
0.0595653 0.0340429
0.0400147 0.0668502
0.0631581 0.0249268
0.0214258 0.0372587
0.00203496 0.0456477
0.0335412 0.00772894

0.0491346 0.0254124
0.0379902 0.0337064
0.0294786 0.0656687
0.0158081 0.0117296
0.0634263 0.0387128
0.0406053 0.0656252
0.0604955 0.0244058
0.0233996 0.0320877
0.00104772 0.0465633
0.033451 0.00587019

0.0434254 0.0266382
0.0403199 0.0421325
0.0324257 0.0660736
0.0183722 0.0136006
0.0672845 0.0433929
0.0445508 0.0641792
0.0635687 0.0236439
0.0253734 0.0269167
6.04753e-05 0.0474789
0.0333609 0.00401143

