1 0.0223607
0.0116775 0.0114007

0.0166494 0.0136039

0.0216212 0.0158072

0.0181283 0.0180104

0.0131564 0.0202136

0.00818459 0.0223045

0.00321275 0.0201012

0.0017591 0.017898

0.00673095 0.0156947

0.0117028 0.0134915

0.0166746 0.0112882

0.0216465 0.009085

0.018103 0.00688175

0.0131312 0.00467851

0.00815932 0.00247526

0.00318747 0.000272018

0.00178438 0.00193123

0.00675622 0.00413447

0.0117281 0.00633772

0.0166999 0.00854096

0.0216718 0.0107442

0.0180777 0.0129475

0.0131059 0.0151507

0.00813405 0.0173539

0.0031622 0.0195572

0.00180965 0.0217604

0.0067815 0.0207577

0.0117533 0.0185544

0.0167252 0.0163512

0.021697 0.0141479

0.0180525 0.0119447

0.0130806 0.00974145

0.00810877 0.00753821

0.00313693 0.00533496

0.00183492 0.00313172

0.00680677 0.000928474

0.0117786 0.00127477

0.0167505 0.00347802

0.0217223 0.00568126

0.0180272 0.00788451

0.0130553 0.0100878

0.0080835 0.012291

0.00311165 0.0144942

0.0018602 0.0166975

0.00683204 0.0189007

0.0118039 0.021104

0.0167757 0.0214141

0.0217476 0.0192109

0.0180019 0.0170076

0.0130301 0.0148044

0.00805823 0.0126012

0.00308638 0.0103979

0.00188547 0.00819467

0.00685732 0.00599142

0.0118292 0.00378818

0.016801 0.00158493

0.0217729 0.000618315

0.0179766 0.00282156

0.0130048 0.00502481

0.00803295 0.00722805

0.0030611 0.0094313

0.00191074 0.0116345

0.00688259 0.0138378

0.0118544 0.016041

0.0168263 0.0182443

0.0217981 0.0204475

0.0179514 0.0220706

0.0129795 0.0198673

0.00800768 0.0176641

0.00303583 0.0154609

0.00193602 0.0132576

0.00690787 0.0110544

0.0118797 0.00885112

0.0168516 0.00664788

0.0218234 0.00444463

0.0179261 0.00224139

0.0129543 3.81414e-05

0.00798241 0.0021651

0.00301056 0.00436835

0.00196129 0.00657159

0.00693314 0.00877484

0.011905 0.0109781

0.0168768 0.0131813

0.0218487 0.0153846

0.0179008 0.0175878

0.012929 0.0197911

0.00795713 0.0219943

0.00298528 0.0205238

0.00198656 0.0183206

0.00695841 0.0161173

0.0119303 0.0139141

0.0169021 0.0117108

0.021874 0.00950758

0.0178756 0.00730433

0.0129037 0.00510109

0.00793186 0.00289784

0.00296001 0.000694598

0.00201184 0.00150865

0.00698369 0.00371189

0.0119555 0.00591514

